{"message":"WebSocket Server is now running at ws://127.0.0.1:8080.","level":"info"}
{"message":"WebSocket Server started ...","level":"info"}
{"message":"connect","level":"info"}
{"message":"[[101],{\"cpu\":0,\"memory\":26767360,\"ppid\":2450,\"pid\":3723,\"ctime\":20400,\"elapsed\":923000,\"timestamp\":1533111319019}]","level":"info"}
{"message":"[[101],{\"cpu\":6,\"memory\":26804224,\"ppid\":2450,\"pid\":3723,\"ctime\":21000,\"elapsed\":933000,\"timestamp\":1533111329026}]","level":"info"}
{"message":"[[101],{\"cpu\":0,\"memory\":26832896,\"ppid\":2450,\"pid\":3723,\"ctime\":21000,\"elapsed\":943000,\"timestamp\":1533111339032}]","level":"info"}
{"message":"[[101],{\"cpu\":0,\"memory\":26865664,\"ppid\":2450,\"pid\":3723,\"ctime\":21000,\"elapsed\":953000,\"timestamp\":1533111349038}]","level":"info"}
{"message":"[[101],{\"cpu\":0,\"memory\":26898432,\"ppid\":2450,\"pid\":3723,\"ctime\":21000,\"elapsed\":963000,\"timestamp\":1533111359040}]","level":"info"}
{"message":"[[101],{\"cpu\":0,\"memory\":26927104,\"ppid\":2450,\"pid\":3723,\"ctime\":21000,\"elapsed\":973000,\"timestamp\":1533111369043}]","level":"info"}
{"message":"[[101],{\"cpu\":6,\"memory\":26959872,\"ppid\":2450,\"pid\":3723,\"ctime\":21600,\"elapsed\":983000,\"timestamp\":1533111379047}]","level":"info"}
{"message":"[[101],{\"cpu\":0,\"memory\":26992640,\"ppid\":2450,\"pid\":3723,\"ctime\":21600,\"elapsed\":993000,\"timestamp\":1533111389052}]","level":"info"}
{"message":"[[101],{\"cpu\":0,\"memory\":27021312,\"ppid\":2450,\"pid\":3723,\"ctime\":21600,\"elapsed\":1003000,\"timestamp\":1533111399059}]","level":"info"}
{"message":"[[101],{\"cpu\":0,\"memory\":27054080,\"ppid\":2450,\"pid\":3723,\"ctime\":21600,\"elapsed\":1013000,\"timestamp\":1533111409066}]","level":"info"}
{"message":"[[101],{\"cpu\":6,\"memory\":27086848,\"ppid\":2450,\"pid\":3723,\"ctime\":22200,\"elapsed\":1023000,\"timestamp\":1533111419072}]","level":"info"}
{"message":"[[101],{\"cpu\":0,\"memory\":27119616,\"ppid\":2450,\"pid\":3723,\"ctime\":22200,\"elapsed\":1033000,\"timestamp\":1533111429076}]","level":"info"}
{"message":"[[101],{\"cpu\":0,\"memory\":27148288,\"ppid\":2450,\"pid\":3723,\"ctime\":22200,\"elapsed\":1043000,\"timestamp\":1533111439082}]","level":"info"}
{"message":"[[101],{\"cpu\":0,\"memory\":27181056,\"ppid\":2450,\"pid\":3723,\"ctime\":22200,\"elapsed\":1053000,\"timestamp\":1533111449088}]","level":"info"}
{"message":"[[101],{\"cpu\":6,\"memory\":27213824,\"ppid\":2450,\"pid\":3723,\"ctime\":22800,\"elapsed\":1063000,\"timestamp\":1533111459094}]","level":"info"}
{"message":"[[101],{\"cpu\":0,\"memory\":27250688,\"ppid\":2450,\"pid\":3723,\"ctime\":22800,\"elapsed\":1073000,\"timestamp\":1533111469102}]","level":"info"}
{"message":"[[101],{\"cpu\":0,\"memory\":27283456,\"ppid\":2450,\"pid\":3723,\"ctime\":22800,\"elapsed\":1083000,\"timestamp\":1533111479114}]","level":"info"}
{"message":"[[101],{\"cpu\":0,\"memory\":27312128,\"ppid\":2450,\"pid\":3723,\"ctime\":22800,\"elapsed\":1093000,\"timestamp\":1533111489117}]","level":"info"}
{"message":"[[101],{\"cpu\":6,\"memory\":27344896,\"ppid\":2450,\"pid\":3723,\"ctime\":23400,\"elapsed\":1103000,\"timestamp\":1533111499124}]","level":"info"}
{"message":"[[101],{\"cpu\":0,\"memory\":27377664,\"ppid\":2450,\"pid\":3723,\"ctime\":23400,\"elapsed\":1113000,\"timestamp\":1533111509131}]","level":"info"}
{"message":"[[101],{\"cpu\":0,\"memory\":27410432,\"ppid\":2450,\"pid\":3723,\"ctime\":23400,\"elapsed\":1123000,\"timestamp\":1533111519137}]","level":"info"}
{"message":"[[101],{\"cpu\":0,\"memory\":26759168,\"ppid\":2450,\"pid\":3723,\"ctime\":23400,\"elapsed\":1133000,\"timestamp\":1533111529146}]","level":"info"}
{"message":"[[101],{\"cpu\":6,\"memory\":26796032,\"ppid\":2450,\"pid\":3723,\"ctime\":24000,\"elapsed\":1143000,\"timestamp\":1533111539151}]","level":"info"}
{"message":"[[101],{\"cpu\":0,\"memory\":26824704,\"ppid\":2450,\"pid\":3723,\"ctime\":24000,\"elapsed\":1153000,\"timestamp\":1533111549165}]","level":"info"}
{"message":"[[101],{\"cpu\":0,\"memory\":26857472,\"ppid\":2450,\"pid\":3723,\"ctime\":24000,\"elapsed\":1163000,\"timestamp\":1533111559171}]","level":"info"}
{"message":"[[101],{\"cpu\":6,\"memory\":26890240,\"ppid\":2450,\"pid\":3723,\"ctime\":24600,\"elapsed\":1173000,\"timestamp\":1533111569189}]","level":"info"}
{"message":"[[101],{\"cpu\":0,\"memory\":26923008,\"ppid\":2450,\"pid\":3723,\"ctime\":24600,\"elapsed\":1183000,\"timestamp\":1533111579203}]","level":"info"}
{"message":"[[101],{\"cpu\":0,\"memory\":26955776,\"ppid\":2450,\"pid\":3723,\"ctime\":24600,\"elapsed\":1193000,\"timestamp\":1533111589213}]","level":"info"}
{"message":"[[101],{\"cpu\":0,\"memory\":26984448,\"ppid\":2450,\"pid\":3723,\"ctime\":24600,\"elapsed\":1203000,\"timestamp\":1533111599221}]","level":"info"}
{"message":"[[101],{\"cpu\":6,\"memory\":27017216,\"ppid\":2450,\"pid\":3723,\"ctime\":25200,\"elapsed\":1213000,\"timestamp\":1533111609221}]","level":"info"}
{"message":"[[101],{\"cpu\":0,\"memory\":27049984,\"ppid\":2450,\"pid\":3723,\"ctime\":25200,\"elapsed\":1223000,\"timestamp\":1533111619240}]","level":"info"}
{"message":"[[101],{\"cpu\":0,\"memory\":27086848,\"ppid\":2450,\"pid\":3723,\"ctime\":25200,\"elapsed\":1233000,\"timestamp\":1533111629235}]","level":"info"}
{"message":"[[101],{\"cpu\":0,\"memory\":27115520,\"ppid\":2450,\"pid\":3723,\"ctime\":25200,\"elapsed\":1243000,\"timestamp\":1533111639241}]","level":"info"}
{"message":"[[101],{\"cpu\":0,\"memory\":27144192,\"ppid\":2450,\"pid\":3723,\"ctime\":25200,\"elapsed\":1253000,\"timestamp\":1533111649245}]","level":"info"}
{"message":"[[101],{\"cpu\":6,\"memory\":27176960,\"ppid\":2450,\"pid\":3723,\"ctime\":25800,\"elapsed\":1263000,\"timestamp\":1533111659251}]","level":"info"}
{"message":"[[101],{\"cpu\":0,\"memory\":27209728,\"ppid\":2450,\"pid\":3723,\"ctime\":25800,\"elapsed\":1273000,\"timestamp\":1533111669258}]","level":"info"}
{"message":"[[101],{\"cpu\":0,\"memory\":27242496,\"ppid\":2450,\"pid\":3723,\"ctime\":25800,\"elapsed\":1283000,\"timestamp\":1533111679265}]","level":"info"}
{"message":"[[101],{\"cpu\":0,\"memory\":27275264,\"ppid\":2450,\"pid\":3723,\"ctime\":25800,\"elapsed\":1293000,\"timestamp\":1533111689268}]","level":"info"}
{"message":"[[101],{\"cpu\":6,\"memory\":27303936,\"ppid\":2450,\"pid\":3723,\"ctime\":26400,\"elapsed\":1303000,\"timestamp\":1533111699274}]","level":"info"}
{"message":"[[101],{\"cpu\":0,\"memory\":27336704,\"ppid\":2450,\"pid\":3723,\"ctime\":26400,\"elapsed\":1313000,\"timestamp\":1533111709282}]","level":"info"}
{"message":"[[101],{\"cpu\":0,\"memory\":27369472,\"ppid\":2450,\"pid\":3723,\"ctime\":26400,\"elapsed\":1323000,\"timestamp\":1533111719291}]","level":"info"}
{"message":"[[101],{\"cpu\":0,\"memory\":27402240,\"ppid\":2450,\"pid\":3723,\"ctime\":26400,\"elapsed\":1333000,\"timestamp\":1533111729298}]","level":"info"}
{"message":"[[101],{\"cpu\":6,\"memory\":27435008,\"ppid\":2450,\"pid\":3723,\"ctime\":27000,\"elapsed\":1343000,\"timestamp\":1533111739303}]","level":"info"}
{"message":"[[101],{\"cpu\":0,\"memory\":27467776,\"ppid\":2450,\"pid\":3723,\"ctime\":27000,\"elapsed\":1353000,\"timestamp\":1533111749310}]","level":"info"}
{"message":"[[101],{\"cpu\":0,\"memory\":27500544,\"ppid\":2450,\"pid\":3723,\"ctime\":27000,\"elapsed\":1363000,\"timestamp\":1533111759316}]","level":"info"}
{"message":"[[101],{\"cpu\":0,\"memory\":27533312,\"ppid\":2450,\"pid\":3723,\"ctime\":27000,\"elapsed\":1373000,\"timestamp\":1533111769324}]","level":"info"}
{"message":"[[101],{\"cpu\":6,\"memory\":27570176,\"ppid\":2450,\"pid\":3723,\"ctime\":27600,\"elapsed\":1383000,\"timestamp\":1533111779330}]","level":"info"}
{"message":"[[101],{\"cpu\":0,\"memory\":27602944,\"ppid\":2450,\"pid\":3723,\"ctime\":27600,\"elapsed\":1393000,\"timestamp\":1533111789338}]","level":"info"}
{"message":"[[101],{\"cpu\":0,\"memory\":26955776,\"ppid\":2450,\"pid\":3723,\"ctime\":27600,\"elapsed\":1403000,\"timestamp\":1533111799342}]","level":"info"}
{"message":"[[101],{\"cpu\":6,\"memory\":26988544,\"ppid\":2450,\"pid\":3723,\"ctime\":28200,\"elapsed\":1413000,\"timestamp\":1533111809348}]","level":"info"}
{"message":"[[101],{\"cpu\":0,\"memory\":27017216,\"ppid\":2450,\"pid\":3723,\"ctime\":28200,\"elapsed\":1423000,\"timestamp\":1533111819352}]","level":"info"}
{"message":"[[101],{\"cpu\":0,\"memory\":27049984,\"ppid\":2450,\"pid\":3723,\"ctime\":28200,\"elapsed\":1433000,\"timestamp\":1533111829354}]","level":"info"}
{"message":"[[101],{\"cpu\":0,\"memory\":27082752,\"ppid\":2450,\"pid\":3723,\"ctime\":28200,\"elapsed\":1443000,\"timestamp\":1533111839363}]","level":"info"}
{"message":"[[101],{\"cpu\":0,\"memory\":27115520,\"ppid\":2450,\"pid\":3723,\"ctime\":28200,\"elapsed\":1453000,\"timestamp\":1533111849367}]","level":"info"}
{"message":"[[101],{\"cpu\":6,\"memory\":27148288,\"ppid\":2450,\"pid\":3723,\"ctime\":28800,\"elapsed\":1463000,\"timestamp\":1533111859375}]","level":"info"}
{"message":"[[101],{\"cpu\":0,\"memory\":27176960,\"ppid\":2450,\"pid\":3723,\"ctime\":28800,\"elapsed\":1473000,\"timestamp\":1533111869379}]","level":"info"}
{"message":"[[101],{\"cpu\":0,\"memory\":27209728,\"ppid\":2450,\"pid\":3723,\"ctime\":28800,\"elapsed\":1483000,\"timestamp\":1533111879384}]","level":"info"}
{"message":"[[101],{\"cpu\":0,\"memory\":27242496,\"ppid\":2450,\"pid\":3723,\"ctime\":28800,\"elapsed\":1493000,\"timestamp\":1533111889389}]","level":"info"}
{"message":"[[101],{\"cpu\":6,\"memory\":27275264,\"ppid\":2450,\"pid\":3723,\"ctime\":29400,\"elapsed\":1503000,\"timestamp\":1533111899394}]","level":"info"}
{"message":"[[101],{\"cpu\":0,\"memory\":27303936,\"ppid\":2450,\"pid\":3723,\"ctime\":29400,\"elapsed\":1513000,\"timestamp\":1533111909401}]","level":"info"}
{"message":"[[101],{\"cpu\":0,\"memory\":27332608,\"ppid\":2450,\"pid\":3723,\"ctime\":29400,\"elapsed\":1523000,\"timestamp\":1533111919409}]","level":"info"}
{"message":"[[101],{\"cpu\":0,\"memory\":27365376,\"ppid\":2450,\"pid\":3723,\"ctime\":29400,\"elapsed\":1533000,\"timestamp\":1533111929413}]","level":"info"}
{"message":"[[101],{\"cpu\":6,\"memory\":27402240,\"ppid\":2450,\"pid\":3723,\"ctime\":30000,\"elapsed\":1543000,\"timestamp\":1533111939420}]","level":"info"}
{"message":"[[101],{\"cpu\":0,\"memory\":27435008,\"ppid\":2450,\"pid\":3723,\"ctime\":30000,\"elapsed\":1553000,\"timestamp\":1533111949425}]","level":"info"}
{"message":"[[101],{\"cpu\":0,\"memory\":27467776,\"ppid\":2450,\"pid\":3723,\"ctime\":30000,\"elapsed\":1563000,\"timestamp\":1533111959430}]","level":"info"}
{"message":"[[101],{\"cpu\":0,\"memory\":27500544,\"ppid\":2450,\"pid\":3723,\"ctime\":30000,\"elapsed\":1573000,\"timestamp\":1533111969436}]","level":"info"}
{"message":"[[101],{\"cpu\":6,\"memory\":27533312,\"ppid\":2450,\"pid\":3723,\"ctime\":30600,\"elapsed\":1583000,\"timestamp\":1533111979442}]","level":"info"}
{"message":"[[101],{\"cpu\":0,\"memory\":27566080,\"ppid\":2450,\"pid\":3723,\"ctime\":30600,\"elapsed\":1593000,\"timestamp\":1533111989450}]","level":"info"}
{"message":"[[101],{\"cpu\":0,\"memory\":27598848,\"ppid\":2450,\"pid\":3723,\"ctime\":30600,\"elapsed\":1603000,\"timestamp\":1533111999457}]","level":"info"}
{"message":"[[101],{\"cpu\":0,\"memory\":27791360,\"ppid\":2450,\"pid\":3723,\"ctime\":30600,\"elapsed\":1613000,\"timestamp\":1533112009462}]","level":"info"}
{"message":"[[101],{\"cpu\":6,\"memory\":27922432,\"ppid\":2450,\"pid\":3723,\"ctime\":31200,\"elapsed\":1623000,\"timestamp\":1533112019466}]","level":"info"}
{"message":"[[101],{\"cpu\":0,\"memory\":27951104,\"ppid\":2450,\"pid\":3723,\"ctime\":31200,\"elapsed\":1633000,\"timestamp\":1533112029471}]","level":"info"}
{"message":"[[101],{\"cpu\":0,\"memory\":27979776,\"ppid\":2450,\"pid\":3723,\"ctime\":31200,\"elapsed\":1643000,\"timestamp\":1533112039476}]","level":"info"}
{"message":"[[101],{\"cpu\":6,\"memory\":28012544,\"ppid\":2450,\"pid\":3723,\"ctime\":31800,\"elapsed\":1653000,\"timestamp\":1533112049479}]","level":"info"}
{"message":"[[101],{\"cpu\":0,\"memory\":28041216,\"ppid\":2450,\"pid\":3723,\"ctime\":31800,\"elapsed\":1663000,\"timestamp\":1533112059481}]","level":"info"}
{"message":"[[101],{\"cpu\":0,\"memory\":27394048,\"ppid\":2450,\"pid\":3723,\"ctime\":31800,\"elapsed\":1673000,\"timestamp\":1533112069488}]","level":"info"}
{"message":"[[101],{\"cpu\":0,\"memory\":27422720,\"ppid\":2450,\"pid\":3723,\"ctime\":31800,\"elapsed\":1683000,\"timestamp\":1533112079497}]","level":"info"}
{"message":"[[101],{\"cpu\":6,\"memory\":27549696,\"ppid\":2450,\"pid\":3723,\"ctime\":32400,\"elapsed\":1693000,\"timestamp\":1533112089502}]","level":"info"}
{"message":"[[101],{\"cpu\":6,\"memory\":27783168,\"ppid\":2450,\"pid\":3723,\"ctime\":33000,\"elapsed\":1703000,\"timestamp\":1533112099510}]","level":"info"}
{"message":"[[101],{\"cpu\":0,\"memory\":28020736,\"ppid\":2450,\"pid\":3723,\"ctime\":33000,\"elapsed\":1713000,\"timestamp\":1533112109515}]","level":"info"}
{"message":"[[101],{\"cpu\":0,\"memory\":28049408,\"ppid\":2450,\"pid\":3723,\"ctime\":33000,\"elapsed\":1723000,\"timestamp\":1533112119517}]","level":"info"}
{"message":"[[101],{\"cpu\":6,\"memory\":28078080,\"ppid\":2450,\"pid\":3723,\"ctime\":33600,\"elapsed\":1733000,\"timestamp\":1533112129521}]","level":"info"}
{"message":"[[101],{\"cpu\":0,\"memory\":28106752,\"ppid\":2450,\"pid\":3723,\"ctime\":33600,\"elapsed\":1743000,\"timestamp\":1533112139528}]","level":"info"}
{"message":"[[101],{\"cpu\":0,\"memory\":28131328,\"ppid\":2450,\"pid\":3723,\"ctime\":33600,\"elapsed\":1753000,\"timestamp\":1533112149535}]","level":"info"}
{"message":"[[101],{\"cpu\":0,\"memory\":28160000,\"ppid\":2450,\"pid\":3723,\"ctime\":33600,\"elapsed\":1763000,\"timestamp\":1533112159538}]","level":"info"}
{"message":"[[101],{\"cpu\":6,\"memory\":28188672,\"ppid\":2450,\"pid\":3723,\"ctime\":34200,\"elapsed\":1773000,\"timestamp\":1533112169545}]","level":"info"}
{"message":"[[101],{\"cpu\":0,\"memory\":28221440,\"ppid\":2450,\"pid\":3723,\"ctime\":34200,\"elapsed\":1783000,\"timestamp\":1533112179550}]","level":"info"}
{"message":"[[101],{\"cpu\":0,\"memory\":28246016,\"ppid\":2450,\"pid\":3723,\"ctime\":34200,\"elapsed\":1793000,\"timestamp\":1533112189556}]","level":"info"}
{"message":"[[101],{\"cpu\":0,\"memory\":28274688,\"ppid\":2450,\"pid\":3723,\"ctime\":34200,\"elapsed\":1803000,\"timestamp\":1533112199562}]","level":"info"}
{"message":"[[101],{\"cpu\":0,\"memory\":28303360,\"ppid\":2450,\"pid\":3723,\"ctime\":34200,\"elapsed\":1813000,\"timestamp\":1533112209564}]","level":"info"}
{"message":"[[101],{\"cpu\":6,\"memory\":28332032,\"ppid\":2450,\"pid\":3723,\"ctime\":34800,\"elapsed\":1823000,\"timestamp\":1533112219569}]","level":"info"}
{"message":"[[101],{\"cpu\":0,\"memory\":28360704,\"ppid\":2450,\"pid\":3723,\"ctime\":34800,\"elapsed\":1833000,\"timestamp\":1533112229577}]","level":"info"}
{"message":"[[101],{\"cpu\":0,\"memory\":28389376,\"ppid\":2450,\"pid\":3723,\"ctime\":34800,\"elapsed\":1843000,\"timestamp\":1533112239580}]","level":"info"}
{"message":"[[101],{\"cpu\":0,\"memory\":28422144,\"ppid\":2450,\"pid\":3723,\"ctime\":34800,\"elapsed\":1853000,\"timestamp\":1533112249585}]","level":"info"}
{"message":"[[101],{\"cpu\":6,\"memory\":28450816,\"ppid\":2450,\"pid\":3723,\"ctime\":35400,\"elapsed\":1863000,\"timestamp\":1533112259590}]","level":"info"}
{"message":"[[101],{\"cpu\":0,\"memory\":28479488,\"ppid\":2450,\"pid\":3723,\"ctime\":35400,\"elapsed\":1873000,\"timestamp\":1533112269593}]","level":"info"}
{"message":"[[101],{\"cpu\":0,\"memory\":28508160,\"ppid\":2450,\"pid\":3723,\"ctime\":35400,\"elapsed\":1883000,\"timestamp\":1533112279594}]","level":"info"}
{"message":"[[101],{\"cpu\":0,\"memory\":28536832,\"ppid\":2450,\"pid\":3723,\"ctime\":35400,\"elapsed\":1893000,\"timestamp\":1533112289601}]","level":"info"}
{"message":"[[101],{\"cpu\":0,\"memory\":28565504,\"ppid\":2450,\"pid\":3723,\"ctime\":35400,\"elapsed\":1903000,\"timestamp\":1533112299610}]","level":"info"}
{"message":"[[101],{\"cpu\":6,\"memory\":28594176,\"ppid\":2450,\"pid\":3723,\"ctime\":36000,\"elapsed\":1913000,\"timestamp\":1533112309615}]","level":"info"}
{"message":"[[101],{\"cpu\":0,\"memory\":28622848,\"ppid\":2450,\"pid\":3723,\"ctime\":36000,\"elapsed\":1923000,\"timestamp\":1533112319622}]","level":"info"}
{"message":"[[101],{\"cpu\":0,\"memory\":28651520,\"ppid\":2450,\"pid\":3723,\"ctime\":36000,\"elapsed\":1933000,\"timestamp\":1533112329626}]","level":"info"}
{"message":"[[101],{\"cpu\":0,\"memory\":28680192,\"ppid\":2450,\"pid\":3723,\"ctime\":36000,\"elapsed\":1943000,\"timestamp\":1533112339629}]","level":"info"}
{"message":"[[101],{\"cpu\":6,\"memory\":28708864,\"ppid\":2450,\"pid\":3723,\"ctime\":36600,\"elapsed\":1953000,\"timestamp\":1533112349636}]","level":"info"}
{"message":"[[101],{\"cpu\":0,\"memory\":28737536,\"ppid\":2450,\"pid\":3723,\"ctime\":36600,\"elapsed\":1963000,\"timestamp\":1533112359641}]","level":"info"}
{"message":"[[101],{\"cpu\":0,\"memory\":28090368,\"ppid\":2450,\"pid\":3723,\"ctime\":36600,\"elapsed\":1973000,\"timestamp\":1533112369649}]","level":"info"}
{"message":"[[101],{\"cpu\":6,\"memory\":28119040,\"ppid\":2450,\"pid\":3723,\"ctime\":37200,\"elapsed\":1983000,\"timestamp\":1533112379650}]","level":"info"}
{"message":"[[101],{\"cpu\":0,\"memory\":28151808,\"ppid\":2450,\"pid\":3723,\"ctime\":37200,\"elapsed\":1993000,\"timestamp\":1533112389658}]","level":"info"}
{"message":"[[101],{\"cpu\":0,\"memory\":28184576,\"ppid\":2450,\"pid\":3723,\"ctime\":37200,\"elapsed\":2003000,\"timestamp\":1533112399661}]","level":"info"}
{"message":"[[101],{\"cpu\":0,\"memory\":28213248,\"ppid\":2450,\"pid\":3723,\"ctime\":37200,\"elapsed\":2013000,\"timestamp\":1533112409668}]","level":"info"}
{"message":"[[101],{\"cpu\":0,\"memory\":28241920,\"ppid\":2450,\"pid\":3723,\"ctime\":37200,\"elapsed\":2023000,\"timestamp\":1533112419672}]","level":"info"}
{"message":"[[101],{\"cpu\":6,\"memory\":28270592,\"ppid\":2450,\"pid\":3723,\"ctime\":37800,\"elapsed\":2033000,\"timestamp\":1533112429675}]","level":"info"}
{"message":"[[101],{\"cpu\":0,\"memory\":28299264,\"ppid\":2450,\"pid\":3723,\"ctime\":37800,\"elapsed\":2043000,\"timestamp\":1533112439685}]","level":"info"}
{"message":"[[101],{\"cpu\":0,\"memory\":28381184,\"ppid\":2450,\"pid\":3723,\"ctime\":37800,\"elapsed\":2053000,\"timestamp\":1533112449688}]","level":"info"}
{"message":"[[101],{\"cpu\":0,\"memory\":28409856,\"ppid\":2450,\"pid\":3723,\"ctime\":37800,\"elapsed\":2063000,\"timestamp\":1533112459692}]","level":"info"}
{"message":"[[101],{\"cpu\":6,\"memory\":28438528,\"ppid\":2450,\"pid\":3723,\"ctime\":38400,\"elapsed\":2073000,\"timestamp\":1533112469697}]","level":"info"}
{"message":"[[101],{\"cpu\":0,\"memory\":28725248,\"ppid\":2450,\"pid\":3723,\"ctime\":38400,\"elapsed\":2083000,\"timestamp\":1533112479705}]","level":"info"}
{"message":"[[101],{\"cpu\":6,\"memory\":28942336,\"ppid\":2450,\"pid\":3723,\"ctime\":39000,\"elapsed\":2093000,\"timestamp\":1533112489724}]","level":"info"}
{"message":"[[101],{\"cpu\":0,\"memory\":28971008,\"ppid\":2450,\"pid\":3723,\"ctime\":39000,\"elapsed\":2103000,\"timestamp\":1533112499723}]","level":"info"}
{"message":"[[101],{\"cpu\":0,\"memory\":28999680,\"ppid\":2450,\"pid\":3723,\"ctime\":39000,\"elapsed\":2113000,\"timestamp\":1533112509730}]","level":"info"}
{"message":"[[101],{\"cpu\":6,\"memory\":29028352,\"ppid\":2450,\"pid\":3723,\"ctime\":39600,\"elapsed\":2123000,\"timestamp\":1533112519738}]","level":"info"}
{"message":"[[101],{\"cpu\":0,\"memory\":29057024,\"ppid\":2450,\"pid\":3723,\"ctime\":39600,\"elapsed\":2133000,\"timestamp\":1533112529740}]","level":"info"}
{"message":"[[101],{\"cpu\":0,\"memory\":29085696,\"ppid\":2450,\"pid\":3723,\"ctime\":39600,\"elapsed\":2143000,\"timestamp\":1533112539748}]","level":"info"}
{"message":"[[101],{\"cpu\":0,\"memory\":29114368,\"ppid\":2450,\"pid\":3723,\"ctime\":39600,\"elapsed\":2153000,\"timestamp\":1533112549765}]","level":"info"}
{"message":"[[101],{\"cpu\":0,\"memory\":29147136,\"ppid\":2450,\"pid\":3723,\"ctime\":39600,\"elapsed\":2163000,\"timestamp\":1533112559764}]","level":"info"}
{"message":"[[101],{\"cpu\":6,\"memory\":29175808,\"ppid\":2450,\"pid\":3723,\"ctime\":40200,\"elapsed\":2173000,\"timestamp\":1533112569767}]","level":"info"}
{"message":"[[101],{\"cpu\":0,\"memory\":29204480,\"ppid\":2450,\"pid\":3723,\"ctime\":40200,\"elapsed\":2183000,\"timestamp\":1533112579773}]","level":"info"}
{"message":"[[101],{\"cpu\":0,\"memory\":29233152,\"ppid\":2450,\"pid\":3723,\"ctime\":40200,\"elapsed\":2193000,\"timestamp\":1533112589780}]","level":"info"}
{"message":"[[101],{\"cpu\":6,\"memory\":29306880,\"ppid\":2450,\"pid\":3723,\"ctime\":40800,\"elapsed\":2203000,\"timestamp\":1533112599784}]","level":"info"}
{"message":"[[101],{\"cpu\":0,\"memory\":29335552,\"ppid\":2450,\"pid\":3723,\"ctime\":40800,\"elapsed\":2213000,\"timestamp\":1533112609785}]","level":"info"}
{"message":"[[101],{\"cpu\":0,\"memory\":29364224,\"ppid\":2450,\"pid\":3723,\"ctime\":40800,\"elapsed\":2223000,\"timestamp\":1533112619787}]","level":"info"}
{"message":"[[101],{\"cpu\":0,\"memory\":29388800,\"ppid\":2450,\"pid\":3723,\"ctime\":40800,\"elapsed\":2233000,\"timestamp\":1533112629791}]","level":"info"}
{"message":"[[101],{\"cpu\":0,\"memory\":29417472,\"ppid\":2450,\"pid\":3723,\"ctime\":40800,\"elapsed\":2243000,\"timestamp\":1533112639795}]","level":"info"}
{"message":"[[101],{\"cpu\":6,\"memory\":29446144,\"ppid\":2450,\"pid\":3723,\"ctime\":41400,\"elapsed\":2253000,\"timestamp\":1533112649805}]","level":"info"}
{"message":"[[101],{\"cpu\":0,\"memory\":29470720,\"ppid\":2450,\"pid\":3723,\"ctime\":41400,\"elapsed\":2263000,\"timestamp\":1533112659807}]","level":"info"}
{"message":"[[101],{\"cpu\":0,\"memory\":28848128,\"ppid\":2450,\"pid\":3723,\"ctime\":41400,\"elapsed\":2273000,\"timestamp\":1533112669813}]","level":"info"}
{"message":"[[101],{\"cpu\":6,\"memory\":28876800,\"ppid\":2450,\"pid\":3723,\"ctime\":42000,\"elapsed\":2283000,\"timestamp\":1533112679821}]","level":"info"}
{"message":"[[101],{\"cpu\":0,\"memory\":28905472,\"ppid\":2450,\"pid\":3723,\"ctime\":42000,\"elapsed\":2293000,\"timestamp\":1533112689840}]","level":"info"}
{"message":"[[101],{\"cpu\":0,\"memory\":28930048,\"ppid\":2450,\"pid\":3723,\"ctime\":42000,\"elapsed\":2303000,\"timestamp\":1533112699839}]","level":"info"}
{"message":"[[101],{\"cpu\":0,\"memory\":28975104,\"ppid\":2450,\"pid\":3723,\"ctime\":42000,\"elapsed\":2313000,\"timestamp\":1533112709856}]","level":"info"}
{"message":"[[101],{\"cpu\":6,\"memory\":28999680,\"ppid\":2450,\"pid\":3723,\"ctime\":42600,\"elapsed\":2323000,\"timestamp\":1533112719853}]","level":"info"}
{"message":"[[101],{\"cpu\":0,\"memory\":29028352,\"ppid\":2450,\"pid\":3723,\"ctime\":42600,\"elapsed\":2333000,\"timestamp\":1533112729869}]","level":"info"}
{"message":"[[101],{\"cpu\":0,\"memory\":29057024,\"ppid\":2450,\"pid\":3723,\"ctime\":42600,\"elapsed\":2343000,\"timestamp\":1533112739869}]","level":"info"}
{"message":"[[101],{\"cpu\":0,\"memory\":29081600,\"ppid\":2450,\"pid\":3723,\"ctime\":42600,\"elapsed\":2353000,\"timestamp\":1533112749870}]","level":"info"}
{"message":"[[101],{\"cpu\":6,\"memory\":29110272,\"ppid\":2450,\"pid\":3723,\"ctime\":43200,\"elapsed\":2363000,\"timestamp\":1533112759876}]","level":"info"}
{"message":"[[101],{\"cpu\":0,\"memory\":29134848,\"ppid\":2450,\"pid\":3723,\"ctime\":43200,\"elapsed\":2373000,\"timestamp\":1533112769880}]","level":"info"}
{"message":"[[101],{\"cpu\":0,\"memory\":29163520,\"ppid\":2450,\"pid\":3723,\"ctime\":43200,\"elapsed\":2383000,\"timestamp\":1533112779884}]","level":"info"}
{"message":"[[101],{\"cpu\":0,\"memory\":29188096,\"ppid\":2450,\"pid\":3723,\"ctime\":43200,\"elapsed\":2393000,\"timestamp\":1533112789889}]","level":"info"}
{"message":"[[101],{\"cpu\":0,\"memory\":29212672,\"ppid\":2450,\"pid\":3723,\"ctime\":43200,\"elapsed\":2403000,\"timestamp\":1533112799893}]","level":"info"}
{"message":"[[101],{\"cpu\":6,\"memory\":29241344,\"ppid\":2450,\"pid\":3723,\"ctime\":43800,\"elapsed\":2413000,\"timestamp\":1533112809900}]","level":"info"}
{"message":"[[101],{\"cpu\":0,\"memory\":29270016,\"ppid\":2450,\"pid\":3723,\"ctime\":43800,\"elapsed\":2423000,\"timestamp\":1533112819905}]","level":"info"}
{"message":"[[101],{\"cpu\":0,\"memory\":29294592,\"ppid\":2450,\"pid\":3723,\"ctime\":43800,\"elapsed\":2433000,\"timestamp\":1533112829911}]","level":"info"}
{"message":"[[101],{\"cpu\":0,\"memory\":29327360,\"ppid\":2450,\"pid\":3723,\"ctime\":43800,\"elapsed\":2443000,\"timestamp\":1533112839916}]","level":"info"}
{"message":"[[101],{\"cpu\":0,\"memory\":29351936,\"ppid\":2450,\"pid\":3723,\"ctime\":43800,\"elapsed\":2453000,\"timestamp\":1533112849922}]","level":"info"}
{"message":"[[101],{\"cpu\":6,\"memory\":29380608,\"ppid\":2450,\"pid\":3723,\"ctime\":44400,\"elapsed\":2463000,\"timestamp\":1533112859930}]","level":"info"}
{"message":"[[101],{\"cpu\":0,\"memory\":29409280,\"ppid\":2450,\"pid\":3723,\"ctime\":44400,\"elapsed\":2473000,\"timestamp\":1533112869934}]","level":"info"}
{"message":"[[101],{\"cpu\":0,\"memory\":29433856,\"ppid\":2450,\"pid\":3723,\"ctime\":44400,\"elapsed\":2483000,\"timestamp\":1533112879939}]","level":"info"}
{"message":"[[101],{\"cpu\":0,\"memory\":29462528,\"ppid\":2450,\"pid\":3723,\"ctime\":44400,\"elapsed\":2493000,\"timestamp\":1533112889954}]","level":"info"}
{"message":"[[101],{\"cpu\":6,\"memory\":29487104,\"ppid\":2450,\"pid\":3723,\"ctime\":45000,\"elapsed\":2503000,\"timestamp\":1533112899955}]","level":"info"}
{"message":"[[101],{\"cpu\":0,\"memory\":29515776,\"ppid\":2450,\"pid\":3723,\"ctime\":45000,\"elapsed\":2513000,\"timestamp\":1533112909962}]","level":"info"}
{"message":"[[101],{\"cpu\":0,\"memory\":29548544,\"ppid\":2450,\"pid\":3723,\"ctime\":45000,\"elapsed\":2523000,\"timestamp\":1533112919980}]","level":"info"}
{"message":"[[101],{\"cpu\":0,\"memory\":29573120,\"ppid\":2450,\"pid\":3723,\"ctime\":45000,\"elapsed\":2533000,\"timestamp\":1533112929977}]","level":"info"}
{"message":"[[101],{\"cpu\":0,\"memory\":29601792,\"ppid\":2450,\"pid\":3723,\"ctime\":45000,\"elapsed\":2543000,\"timestamp\":1533112939981}]","level":"info"}
{"message":"[[101],{\"cpu\":6,\"memory\":29626368,\"ppid\":2450,\"pid\":3723,\"ctime\":45600,\"elapsed\":2553000,\"timestamp\":1533112949985}]","level":"info"}
{"message":"[[101],{\"cpu\":0,\"memory\":29655040,\"ppid\":2450,\"pid\":3723,\"ctime\":45600,\"elapsed\":2563000,\"timestamp\":1533112959987}]","level":"info"}
{"message":"[[101],{\"cpu\":0,\"memory\":29683712,\"ppid\":2450,\"pid\":3723,\"ctime\":45600,\"elapsed\":2573000,\"timestamp\":1533112969993}]","level":"info"}
{"message":"[[101],{\"cpu\":5.454545454545454,\"memory\":29192192,\"ppid\":2450,\"pid\":3723,\"ctime\":46200,\"elapsed\":2584000,\"timestamp\":1533112980012}]","level":"info"}
{"message":"[[101],{\"cpu\":18,\"memory\":27471872,\"ppid\":2450,\"pid\":3723,\"ctime\":48000,\"elapsed\":2594000,\"timestamp\":1533112990011}]","level":"info"}
{"message":"[[101],{\"cpu\":0,\"memory\":27508736,\"ppid\":2450,\"pid\":3723,\"ctime\":48000,\"elapsed\":2604000,\"timestamp\":1533113000018}]","level":"info"}
{"message":"[[101],{\"cpu\":0,\"memory\":27541504,\"ppid\":2450,\"pid\":3723,\"ctime\":48000,\"elapsed\":2614000,\"timestamp\":1533113010021}]","level":"info"}
{"message":"[[101],{\"cpu\":0,\"memory\":27570176,\"ppid\":2450,\"pid\":3723,\"ctime\":48000,\"elapsed\":2624000,\"timestamp\":1533113020035}]","level":"info"}
{"message":"[[101],{\"cpu\":6,\"memory\":27598848,\"ppid\":2450,\"pid\":3723,\"ctime\":48600,\"elapsed\":2634000,\"timestamp\":1533113030036}]","level":"info"}
{"message":"connect","level":"info"}
{"message":"[[101],{\"cpu\":0,\"memory\":29405184,\"ppid\":2450,\"pid\":4237,\"ctime\":7800,\"elapsed\":0,\"timestamp\":1533114751632}]","level":"info"}
{"message":"[[101],{\"cpu\":6,\"memory\":29601792,\"ppid\":2450,\"pid\":4237,\"ctime\":8400,\"elapsed\":10000,\"timestamp\":1533114761636}]","level":"info"}
{"message":"[[101],{\"cpu\":0,\"memory\":29642752,\"ppid\":2450,\"pid\":4237,\"ctime\":8400,\"elapsed\":20000,\"timestamp\":1533114771643}]","level":"info"}
{"message":"[[101],{\"cpu\":0,\"memory\":29683712,\"ppid\":2450,\"pid\":4237,\"ctime\":8400,\"elapsed\":30000,\"timestamp\":1533114781644}]","level":"info"}
{"message":"[[101],{\"cpu\":6,\"memory\":28962816,\"ppid\":2450,\"pid\":4237,\"ctime\":9000,\"elapsed\":40000,\"timestamp\":1533114791648}]","level":"info"}
{"message":"[[101],{\"cpu\":0,\"memory\":28340224,\"ppid\":2450,\"pid\":4237,\"ctime\":9000,\"elapsed\":50000,\"timestamp\":1533114801657}]","level":"info"}
{"message":"[[101],{\"cpu\":0,\"memory\":28344320,\"ppid\":2450,\"pid\":4237,\"ctime\":9000,\"elapsed\":60000,\"timestamp\":1533114811661}]","level":"info"}
{"message":"[[101],{\"cpu\":6,\"memory\":28344320,\"ppid\":2450,\"pid\":4237,\"ctime\":9600,\"elapsed\":70000,\"timestamp\":1533114821668}]","level":"info"}
{"message":"[[101],{\"cpu\":0,\"memory\":28344320,\"ppid\":2450,\"pid\":4237,\"ctime\":9600,\"elapsed\":80000,\"timestamp\":1533114831673}]","level":"info"}
{"message":"[[101],{\"cpu\":0,\"memory\":28348416,\"ppid\":2450,\"pid\":4237,\"ctime\":9600,\"elapsed\":90000,\"timestamp\":1533114841674}]","level":"info"}
{"message":"[[101],{\"cpu\":0,\"memory\":28348416,\"ppid\":2450,\"pid\":4237,\"ctime\":9600,\"elapsed\":100000,\"timestamp\":1533114851680}]","level":"info"}
{"message":"[[101],{\"cpu\":6,\"memory\":28348416,\"ppid\":2450,\"pid\":4237,\"ctime\":10200,\"elapsed\":110000,\"timestamp\":1533114861683}]","level":"info"}
{"message":"[[101],{\"cpu\":0,\"memory\":28348416,\"ppid\":2450,\"pid\":4237,\"ctime\":10200,\"elapsed\":120000,\"timestamp\":1533114871690}]","level":"info"}
{"message":"[[101],{\"cpu\":0,\"memory\":28348416,\"ppid\":2450,\"pid\":4237,\"ctime\":10200,\"elapsed\":130000,\"timestamp\":1533114881693}]","level":"info"}
{"message":"[[101],{\"cpu\":0,\"memory\":28348416,\"ppid\":2450,\"pid\":4237,\"ctime\":10200,\"elapsed\":140000,\"timestamp\":1533114891697}]","level":"info"}
{"message":"[[101],{\"cpu\":0,\"memory\":28348416,\"ppid\":2450,\"pid\":4237,\"ctime\":10200,\"elapsed\":150000,\"timestamp\":1533114901703}]","level":"info"}
{"message":"[[101],{\"cpu\":6,\"memory\":28348416,\"ppid\":2450,\"pid\":4237,\"ctime\":10800,\"elapsed\":160000,\"timestamp\":1533114911708}]","level":"info"}
{"message":"[[101],{\"cpu\":0,\"memory\":28348416,\"ppid\":2450,\"pid\":4237,\"ctime\":10800,\"elapsed\":170000,\"timestamp\":1533114921716}]","level":"info"}
{"message":"[[101],{\"cpu\":0,\"memory\":28356608,\"ppid\":2450,\"pid\":4237,\"ctime\":10800,\"elapsed\":180000,\"timestamp\":1533114931722}]","level":"info"}
{"message":"[[101],{\"cpu\":0,\"memory\":28356608,\"ppid\":2450,\"pid\":4237,\"ctime\":10800,\"elapsed\":190000,\"timestamp\":1533114941725}]","level":"info"}
{"message":"[[101],{\"cpu\":6,\"memory\":28356608,\"ppid\":2450,\"pid\":4237,\"ctime\":11400,\"elapsed\":200000,\"timestamp\":1533114951729}]","level":"info"}
{"message":"[[101],{\"cpu\":0,\"memory\":28360704,\"ppid\":2450,\"pid\":4237,\"ctime\":11400,\"elapsed\":210000,\"timestamp\":1533114961732}]","level":"info"}
{"message":"[[101],{\"cpu\":0,\"memory\":28360704,\"ppid\":2450,\"pid\":4237,\"ctime\":11400,\"elapsed\":220000,\"timestamp\":1533114971739}]","level":"info"}
{"message":"[[101],{\"cpu\":0,\"memory\":28360704,\"ppid\":2450,\"pid\":4237,\"ctime\":11400,\"elapsed\":230000,\"timestamp\":1533114981742}]","level":"info"}
{"message":"[[101],{\"cpu\":0,\"memory\":28360704,\"ppid\":2450,\"pid\":4237,\"ctime\":11400,\"elapsed\":240000,\"timestamp\":1533114991744}]","level":"info"}
{"message":"[[101],{\"cpu\":6,\"memory\":28360704,\"ppid\":2450,\"pid\":4237,\"ctime\":12000,\"elapsed\":250000,\"timestamp\":1533115001749}]","level":"info"}
{"message":"[[101],{\"cpu\":0,\"memory\":28360704,\"ppid\":2450,\"pid\":4237,\"ctime\":12000,\"elapsed\":260000,\"timestamp\":1533115011756}]","level":"info"}
{"message":"[[101],{\"cpu\":0,\"memory\":28360704,\"ppid\":2450,\"pid\":4237,\"ctime\":12000,\"elapsed\":270000,\"timestamp\":1533115021760}]","level":"info"}
{"message":"[[101],{\"cpu\":0,\"memory\":28360704,\"ppid\":2450,\"pid\":4237,\"ctime\":12000,\"elapsed\":280000,\"timestamp\":1533115031765}]","level":"info"}
{"message":"WebSocket Server is now running at ws://127.0.0.1:8080.","level":"info"}
{"message":"WebSocket Server started ...","level":"info"}
{"message":"WebSocket Server is now running at ws://127.0.0.1:8080.","level":"info"}
{"message":"WebSocket Server started ...","level":"info"}
{"message":"WebSocket Server is now running at ws://127.0.0.1:8080.","level":"info"}
{"message":"WebSocket Server started ...","level":"info"}
{"message":"WebSocket Server is now running at ws://127.0.0.1:8080.","level":"info"}
{"message":"WebSocket Server started ...","level":"info"}
{"message":"WebSocket Server is now running at ws://127.0.0.1:8080.","level":"info"}
{"message":"WebSocket Server started ...","level":"info"}
{"message":"WebSocket Server is now running at ws://127.0.0.1:8080.","level":"info"}
{"message":"WebSocket Server started ...","level":"info"}
{"message":"WebSocket Server is now running at ws://127.0.0.1:8080.","level":"info"}
{"message":"WebSocket Server started ...","level":"info"}
{"message":"WebSocket Server is now running at ws://127.0.0.1:8080.","level":"info"}
{"message":"WebSocket Server started ...","level":"info"}
{"message":"WebSocket Server is now running at ws://127.0.0.1:8080.","level":"info"}
{"message":"WebSocket Server started ...","level":"info"}
{"message":"WebSocket Server is now running at ws://127.0.0.1:8080.","level":"info"}
{"message":"WebSocket Server started ...","level":"info"}
{"message":"WebSocket Server is now running at ws://127.0.0.1:8080.","level":"info"}
{"message":"WebSocket Server started ...","level":"info"}
{"message":"WebSocket Server is now running at ws://127.0.0.1:8080.","level":"info"}
{"message":"WebSocket Server started ...","level":"info"}
{"message":"WebSocket Server is now running at ws://127.0.0.1:8080.","level":"info"}
{"message":"WebSocket Server started ...","level":"info"}
{"message":"WebSocket Server is now running at ws://127.0.0.1:8080.","level":"info"}
{"message":"WebSocket Server started ...","level":"info"}
{"message":"WebSocket Server is now running at ws://127.0.0.1:8080.","level":"info"}
{"message":"WebSocket Server started ...","level":"info"}
{"message":"WebSocket Server is now running at ws://127.0.0.1:8080.","level":"info"}
{"message":"WebSocket Server started ...","level":"info"}
{"message":"WebSocket Server is now running at ws://127.0.0.1:8080.","level":"info"}
{"message":"WebSocket Server started ...","level":"info"}
{"message":"Register Server is now running at http://127.0.0.1:8081.","level":"info"}
{"message":"Register Server started ...","level":"info"}
{"message":"Test Link: http://127.0.0.1:8081/127.0.0.1/1533196983045/da1cb113","level":"info"}
{"message":"WebSocket Server is now running at ws://127.0.0.1:8080.","level":"info"}
{"message":"WebSocket Server started ...","level":"info"}
{"message":"Register Server is now running at http://127.0.0.1:8081.","level":"info"}
{"message":"Register Server started ...","level":"info"}
{"message":"Test Link: http://127.0.0.1:8081/127.0.0.1/1534148934818/37c958f5","level":"info"}
